<?xml version="1.0" encoding="UTF-8"?>
<!-- Generated by org.testng.reporters.JUnitXMLReporter -->
<testsuite ignored="0" hostname="admin-PC" failures="1" tests="1" name="Test4" time="137.505" errors="0" timestamp="28 Aug 2019 23:06:57 GMT">
  <testcase classname="PDF_Emailable_Report1.TestGuru99PDFReport" name="testPDFReportOne" time="135.591">
    <failure type="java.lang.AssertionError" message="expected [true] but found [false]">
      <![CDATA[java.lang.AssertionError: expected [true] but found [false]
at PDF_Emailable_Report1.TestGuru99PDFReport.testPDFReportOne(TestGuru99PDFReport.java:63)
... Removed 29 stack frames]]>
    </failure>
  </testcase> <!-- testPDFReportOne -->
</testsuite> <!-- Test4 -->
